<?xml version="1.0" encoding="UTF-8"?>
<testng-results skipped="0" failed="0" ignored="0" total="1" passed="1">
  <reporter-output>
  </reporter-output>
  <suite name="Suite1" duration-ms="25657" started-at="2019-09-10T20:11:27 IST" finished-at="2019-09-10T20:11:53 IST">
    <groups>
    </groups>
    <test name="Test2" duration-ms="25657" started-at="2019-09-10T20:11:27 IST" finished-at="2019-09-10T20:11:53 IST">
      <class name="com.yatra.testscript.BookingDetails">
        <test-method status="PASS" signature="setBrowser(java.lang.String)[pri:0, instance:com.yatra.testscript.BookingDetails@57855c9a]" name="setBrowser" is-config="true" duration-ms="6862" started-at="2019-09-10T20:11:27 IST" finished-at="2019-09-10T20:11:34 IST">
          <params>
            <param index="0">
              <value>
                <![CDATA[firefox]]>
              </value>
            </param>
          </params>
          <reporter-output>
          </reporter-output>
        </test-method> <!-- setBrowser -->
        <test-method status="PASS" signature="bookingDateDetails()[pri:1, instance:com.yatra.testscript.BookingDetails@57855c9a]" name="bookingDateDetails" duration-ms="18733" started-at="2019-09-10T20:11:34 IST" finished-at="2019-09-10T20:11:53 IST">
          <reporter-output>
          </reporter-output>
        </test-method> <!-- bookingDateDetails -->
      </class> <!-- com.yatra.testscript.BookingDetails -->
    </test> <!-- Test2 -->
  </suite> <!-- Suite1 -->
</testng-results>
